<?xml version="1.0" encoding="UTF-8"?>
<testng-results ignored="0" total="2" passed="2" failed="0" skipped="0">
  <reporter-output>
  </reporter-output>
  <suite started-at="2021-11-16T23:55:49 IST" name="Default suite" finished-at="2021-11-16T23:57:54 IST" duration-ms="125374">
    <groups>
    </groups>
    <test started-at="2021-11-16T23:55:49 IST" name="Default test" finished-at="2021-11-16T23:57:54 IST" duration-ms="125374">
      <class name="Flipkart_Testcases.FlipkartAmazonAddToCart">
        <test-method is-config="true" signature="launchDriver()[pri:0, instance:Flipkart_Testcases.FlipkartAmazonAddToCart@1ba9117e]" started-at="2021-11-16T23:55:49 IST" name="launchDriver" finished-at="2021-11-16T23:56:04 IST" duration-ms="15322" status="PASS">
          <reporter-output>
          </reporter-output>
        </test-method> <!-- launchDriver -->
        <test-method signature="flipkartAddToCart()[pri:2, instance:Flipkart_Testcases.FlipkartAmazonAddToCart@1ba9117e]" started-at="2021-11-16T23:56:04 IST" name="flipkartAddToCart" finished-at="2021-11-16T23:56:23 IST" duration-ms="18565" status="PASS">
          <reporter-output>
          </reporter-output>
        </test-method> <!-- flipkartAddToCart -->
        <test-method is-config="true" signature="closeDriver()[pri:0, instance:Flipkart_Testcases.FlipkartAmazonAddToCart@1ba9117e]" started-at="2021-11-16T23:56:23 IST" name="closeDriver" finished-at="2021-11-16T23:56:23 IST" duration-ms="1" status="PASS">
          <reporter-output>
          </reporter-output>
        </test-method> <!-- closeDriver -->
        <test-method is-config="true" signature="launchDriver()[pri:0, instance:Flipkart_Testcases.FlipkartAmazonAddToCart@1ba9117e]" started-at="2021-11-16T23:56:23 IST" name="launchDriver" finished-at="2021-11-16T23:56:53 IST" duration-ms="30048" status="PASS">
          <reporter-output>
          </reporter-output>
        </test-method> <!-- launchDriver -->
        <test-method signature="amazonAddToCart()[pri:3, instance:Flipkart_Testcases.FlipkartAmazonAddToCart@1ba9117e]" started-at="2021-11-16T23:56:53 IST" name="amazonAddToCart" finished-at="2021-11-16T23:57:54 IST" duration-ms="61211" status="PASS">
          <reporter-output>
          </reporter-output>
        </test-method> <!-- amazonAddToCart -->
        <test-method is-config="true" signature="closeDriver()[pri:0, instance:Flipkart_Testcases.FlipkartAmazonAddToCart@1ba9117e]" started-at="2021-11-16T23:57:54 IST" name="closeDriver" finished-at="2021-11-16T23:57:54 IST" duration-ms="1" status="PASS">
          <reporter-output>
          </reporter-output>
        </test-method> <!-- closeDriver -->
      </class> <!-- Flipkart_Testcases.FlipkartAmazonAddToCart -->
    </test> <!-- Default test -->
  </suite> <!-- Default suite -->
</testng-results>
