<?xml version="1.0" encoding="UTF-8"?>
<!-- Generated by org.testng.reporters.JUnitXMLReporter -->
<testsuite ignored="0" hostname="LAPTOP-87D29HJN" failures="0" tests="2" name="Default test" time="125.374" errors="0" timestamp="2021-11-16T23:57:55 IST">
  <testcase classname="Flipkart_Testcases.FlipkartAmazonAddToCart" name="flipkartAddToCart" time="18.565"/>
  <testcase classname="Flipkart_Testcases.FlipkartAmazonAddToCart" name="amazonAddToCart" time="61.211"/>
</testsuite> <!-- Default test -->
